-- The C compiler identification is GNU 11.4.0
-- The CXX compiler identification is GNU 11.4.0
-- Detecting C compiler ABI info
-- Detecting C compiler ABI info - done
-- Check for working C compiler: /usr/bin/cc - skipped
-- Detecting C compile features
-- Detecting C compile features - done
-- Detecting CXX compiler ABI info
-- Detecting CXX compiler ABI info - done
-- Check for working CXX compiler: /usr/bin/c++ - skipped
-- Detecting CXX compile features
-- Detecting CXX compile features - done
-- Found ament_cmake: 1.3.12 (/opt/ros/humble/share/ament_cmake/cmake)
-- Found Python3: /usr/bin/python3 (found version "3.10.12") found components: Interpreter 
-- Found ament_lint_auto: 0.12.14 (/opt/ros/humble/share/ament_lint_auto/cmake)
-- Added test 'cppcheck' to perform static code analysis on C / C++ code
-- Configured cppcheck include dirs: 
-- Configured cppcheck exclude dirs and/or files: 
-- Added test 'flake8' to check Python code syntax and style conventions
-- Added test 'lint_cmake' to check CMake code style
-- Added test 'pep257' to check Python code against some of the docstring style conventions in PEP 257
-- Added test 'uncrustify' to check C / C++ code style
-- Configured uncrustify additional arguments: 
-- Added test 'xmllint' to check XML markup files
-- Configuring done
-- Generating done
-- Build files have been written to: /root/humble_ws/src/cartographer_2d/build/cartographer_2d
-- Install configuration: ""
-- Installing: /root/humble_ws/src/cartographer_2d/install/cartographer_2d/share/cartographer_2d/launch
-- Installing: /root/humble_ws/src/cartographer_2d/install/cartographer_2d/share/cartographer_2d/launch/cartographer.launch.py
-- Installing: /root/humble_ws/src/cartographer_2d/install/cartographer_2d/share/cartographer_2d/config
-- Installing: /root/humble_ws/src/cartographer_2d/install/cartographer_2d/share/cartographer_2d/config/cartographer_2d.lua
-- Installing: /root/humble_ws/src/cartographer_2d/install/cartographer_2d/share/ament_index/resource_index/package_run_dependencies/cartographer_2d
-- Installing: /root/humble_ws/src/cartographer_2d/install/cartographer_2d/share/ament_index/resource_index/parent_prefix_path/cartographer_2d
-- Installing: /root/humble_ws/src/cartographer_2d/install/cartographer_2d/share/cartographer_2d/environment/ament_prefix_path.sh
-- Installing: /root/humble_ws/src/cartographer_2d/install/cartographer_2d/share/cartographer_2d/environment/ament_prefix_path.dsv
-- Installing: /root/humble_ws/src/cartographer_2d/install/cartographer_2d/share/cartographer_2d/environment/path.sh
-- Installing: /root/humble_ws/src/cartographer_2d/install/cartographer_2d/share/cartographer_2d/environment/path.dsv
-- Installing: /root/humble_ws/src/cartographer_2d/install/cartographer_2d/share/cartographer_2d/local_setup.bash
-- Installing: /root/humble_ws/src/cartographer_2d/install/cartographer_2d/share/cartographer_2d/local_setup.sh
-- Installing: /root/humble_ws/src/cartographer_2d/install/cartographer_2d/share/cartographer_2d/local_setup.zsh
-- Installing: /root/humble_ws/src/cartographer_2d/install/cartographer_2d/share/cartographer_2d/local_setup.dsv
-- Installing: /root/humble_ws/src/cartographer_2d/install/cartographer_2d/share/cartographer_2d/package.dsv
-- Installing: /root/humble_ws/src/cartographer_2d/install/cartographer_2d/share/ament_index/resource_index/packages/cartographer_2d
-- Installing: /root/humble_ws/src/cartographer_2d/install/cartographer_2d/share/cartographer_2d/cmake/cartographer_2dConfig.cmake
-- Installing: /root/humble_ws/src/cartographer_2d/install/cartographer_2d/share/cartographer_2d/cmake/cartographer_2dConfig-version.cmake
-- Installing: /root/humble_ws/src/cartographer_2d/install/cartographer_2d/share/cartographer_2d/package.xml
